C:\Users\saban.kus\projects\digital-twin\sensor_sim.py:11: DeprecationWarning: Callback API version 1 is deprecated, update to latest version
  client = mqtt.Client()
Published: {"temperature": 21.83, "vibration": 2.44, "humidity": 52.59}
Published: {"temperature": 22.27, "vibration": 0.13, "humidity": 30.49}
Published: {"temperature": 25.59, "vibration": 3.56, "humidity": 65.45}
Published: {"temperature": 26.42, "vibration": 2.9, "humidity": 37.08}
Published: {"temperature": 25.0, "vibration": 4.35, "humidity": 41.31}
Published: {"temperature": 23.8, "vibration": 4.88, "humidity": 34.62}
Published: {"temperature": 20.86, "vibration": 2.07, "humidity": 35.43}
Published: {"temperature": 22.3, "vibration": 4.19, "humidity": 37.2}
Published: {"temperature": 19.32, "vibration": 0.78, "humidity": 66.25}
Published: {"temperature": 25.23, "vibration": 0.8, "humidity": 51.84}
Published: {"temperature": 28.34, "vibration": 0.46, "humidity": 56.86}
Published: {"temperature": 24.02, "vibration": 4.41, "humidity": 45.94}
Published: {"temperature": 28.2, "vibration": 2.44, "humidity": 56.8}
Published: {"temperature": 23.82, "vibration": 0.64, "humidity": 39.63}
Published: {"temperature": 25.85, "vibration": 4.74, "humidity": 69.03}
Published: {"temperature": 23.27, "vibration": 1.83, "humidity": 40.12}
Published: {"temperature": 19.38, "vibration": 1.64, "humidity": 54.4}
Published: {"temperature": 19.85, "vibration": 1.04, "humidity": 64.81}
Published: {"temperature": 21.85, "vibration": 0.92, "humidity": 48.74}
Published: {"temperature": 27.43, "vibration": 2.53, "humidity": 61.3}
Published: {"temperature": 22.01, "vibration": 1.09, "humidity": 62.57}
Published: {"temperature": 24.12, "vibration": 1.63, "humidity": 42.86}
Published: {"temperature": 29.21, "vibration": 1.07, "humidity": 46.14}
Published: {"temperature": 24.16, "vibration": 4.81, "humidity": 67.37}
Published: {"temperature": 19.87, "vibration": 1.29, "humidity": 40.78}
Published: {"temperature": 27.23, "vibration": 0.7, "humidity": 30.51}
Published: {"temperature": 26.88, "vibration": 2.1, "humidity": 67.18}
Published: {"temperature": 18.82, "vibration": 3.72, "humidity": 56.58}
Published: {"temperature": 20.57, "vibration": 1.43, "humidity": 47.02}
Published: {"temperature": 25.85, "vibration": 3.46, "humidity": 50.97}
Published: {"temperature": 18.41, "vibration": 3.72, "humidity": 51.65}
Published: {"temperature": 27.35, "vibration": 2.87, "humidity": 61.28}
Published: {"temperature": 25.01, "vibration": 1.49, "humidity": 43.34}
Published: {"temperature": 28.88, "vibration": 3.45, "humidity": 30.68}
Published: {"temperature": 18.94, "vibration": 4.08, "humidity": 33.22}
Published: {"temperature": 18.99, "vibration": 2.37, "humidity": 44.8}
Published: {"temperature": 19.03, "vibration": 0.64, "humidity": 43.99}
Published: {"temperature": 25.44, "vibration": 3.85, "humidity": 69.73}
Published: {"temperature": 21.2, "vibration": 4.23, "humidity": 68.53}
Published: {"temperature": 23.9, "vibration": 2.47, "humidity": 51.71}
Published: {"temperature": 27.53, "vibration": 0.31, "humidity": 57.53}
Published: {"temperature": 20.16, "vibration": 0.75, "humidity": 66.62}
Published: {"temperature": 27.77, "vibration": 2.6, "humidity": 52.22}
Published: {"temperature": 20.89, "vibration": 4.87, "humidity": 40.68}
Published: {"temperature": 26.41, "vibration": 2.56, "humidity": 50.64}
Published: {"temperature": 25.36, "vibration": 3.16, "humidity": 63.28}
Published: {"temperature": 19.9, "vibration": 3.28, "humidity": 31.58}
Published: {"temperature": 29.05, "vibration": 4.84, "humidity": 68.79}
Published: {"temperature": 22.8, "vibration": 3.98, "humidity": 46.89}
Published: {"temperature": 21.27, "vibration": 4.66, "humidity": 50.09}
Published: {"temperature": 22.42, "vibration": 4.17, "humidity": 63.86}
Published: {"temperature": 19.53, "vibration": 2.82, "humidity": 50.38}
Published: {"temperature": 27.99, "vibration": 4.68, "humidity": 60.8}
Published: {"temperature": 24.99, "vibration": 2.82, "humidity": 53.48}
Published: {"temperature": 26.78, "vibration": 0.26, "humidity": 54.57}
Published: {"temperature": 26.35, "vibration": 1.1, "humidity": 56.15}
Published: {"temperature": 23.03, "vibration": 3.32, "humidity": 61.56}
Published: {"temperature": 19.26, "vibration": 2.47, "humidity": 32.21}
Published: {"temperature": 25.29, "vibration": 2.43, "humidity": 46.62}
Published: {"temperature": 23.06, "vibration": 1.02, "humidity": 61.24}
Published: {"temperature": 27.14, "vibration": 3.32, "humidity": 59.94}
Published: {"temperature": 20.57, "vibration": 1.17, "humidity": 39.14}
Published: {"temperature": 21.26, "vibration": 0.94, "humidity": 64.61}
Published: {"temperature": 19.59, "vibration": 2.62, "humidity": 57.58}
Published: {"temperature": 19.59, "vibration": 0.18, "humidity": 51.58}
Published: {"temperature": 29.15, "vibration": 0.24, "humidity": 31.31}
Published: {"temperature": 29.27, "vibration": 1.12, "humidity": 56.86}
Published: {"temperature": 29.07, "vibration": 1.91, "humidity": 61.46}
Published: {"temperature": 26.81, "vibration": 1.91, "humidity": 53.03}
Published: {"temperature": 21.44, "vibration": 1.49, "humidity": 32.01}
Published: {"temperature": 24.8, "vibration": 3.09, "humidity": 68.37}
Published: {"temperature": 28.87, "vibration": 3.81, "humidity": 65.12}
Published: {"temperature": 21.6, "vibration": 1.04, "humidity": 51.72}
Published: {"temperature": 22.68, "vibration": 1.45, "humidity": 63.43}
Published: {"temperature": 23.57, "vibration": 4.07, "humidity": 48.47}
Published: {"temperature": 22.3, "vibration": 0.92, "humidity": 52.56}
Published: {"temperature": 28.37, "vibration": 1.26, "humidity": 60.55}
Published: {"temperature": 25.29, "vibration": 2.3, "humidity": 62.03}
Published: {"temperature": 19.79, "vibration": 0.38, "humidity": 38.48}
Published: {"temperature": 18.14, "vibration": 2.09, "humidity": 41.01}
Published: {"temperature": 29.33, "vibration": 3.38, "humidity": 30.38}
Published: {"temperature": 18.17, "vibration": 2.38, "humidity": 60.04}
Published: {"temperature": 21.2, "vibration": 2.77, "humidity": 55.4}
Published: {"temperature": 28.42, "vibration": 3.19, "humidity": 46.07}
Published: {"temperature": 23.29, "vibration": 4.36, "humidity": 47.95}
Published: {"temperature": 29.87, "vibration": 4.89, "humidity": 36.8}
Published: {"temperature": 28.1, "vibration": 0.71, "humidity": 59.22}
Published: {"temperature": 25.25, "vibration": 2.68, "humidity": 52.58}
Published: {"temperature": 21.24, "vibration": 3.58, "humidity": 50.15}
Published: {"temperature": 18.07, "vibration": 2.13, "humidity": 32.52}
Published: {"temperature": 27.34, "vibration": 1.15, "humidity": 61.81}
Published: {"temperature": 26.35, "vibration": 4.5, "humidity": 67.58}
Published: {"temperature": 28.92, "vibration": 3.75, "humidity": 47.99}
Published: {"temperature": 19.5, "vibration": 3.42, "humidity": 41.07}
Published: {"temperature": 21.92, "vibration": 1.24, "humidity": 44.29}
Published: {"temperature": 25.4, "vibration": 0.91, "humidity": 44.4}
Published: {"temperature": 18.33, "vibration": 0.42, "humidity": 30.34}
Published: {"temperature": 27.25, "vibration": 3.93, "humidity": 42.38}
Published: {"temperature": 27.42, "vibration": 2.3, "humidity": 58.53}
Published: {"temperature": 21.76, "vibration": 2.0, "humidity": 35.59}
Published: {"temperature": 19.74, "vibration": 4.4, "humidity": 66.76}
Published: {"temperature": 27.79, "vibration": 4.31, "humidity": 58.28}
Published: {"temperature": 27.21, "vibration": 3.04, "humidity": 59.29}
Published: {"temperature": 22.79, "vibration": 0.49, "humidity": 43.75}
Published: {"temperature": 26.37, "vibration": 1.93, "humidity": 33.21}
Published: {"temperature": 24.48, "vibration": 0.36, "humidity": 58.85}
Published: {"temperature": 23.72, "vibration": 0.8, "humidity": 41.61}
Published: {"temperature": 19.47, "vibration": 3.74, "humidity": 37.83}
Published: {"temperature": 20.5, "vibration": 3.34, "humidity": 53.73}
Published: {"temperature": 22.22, "vibration": 0.5, "humidity": 31.98}
Published: {"temperature": 23.97, "vibration": 3.59, "humidity": 55.89}
Published: {"temperature": 25.23, "vibration": 3.3, "humidity": 37.64}
Published: {"temperature": 23.01, "vibration": 0.68, "humidity": 55.5}C:\Users\saban.kus\projects\digital-twin\sensor_sim.py:11: DeprecationWarning: Callback API version 1 is deprecated, update to latest version
  client = mqtt.Client()
Traceback (most recent call last):
  File "C:\Users\saban.kus\projects\digital-twin\sensor_sim.py", line 12, in <module>
    client.connect(BROKER, PORT)
    ~~~~~~~~~~~~~~^^^^^^^^^^^^^^
  File "C:\Users\saban.kus\projects\digital-twin\venv\Lib\site-packages\paho\mqtt\client.py", line 1435, in connect
    return self.reconnect()
           ~~~~~~~~~~~~~~^^
  File "C:\Users\saban.kus\projects\digital-twin\venv\Lib\site-packages\paho\mqtt\client.py", line 1598, in reconnect
    self._sock = self._create_socket()
                 ~~~~~~~~~~~~~~~~~~~^^
  File "C:\Users\saban.kus\projects\digital-twin\venv\Lib\site-packages\paho\mqtt\client.py", line 4609, in _create_socket
    sock = self._create_socket_connection()
  File "C:\Users\saban.kus\projects\digital-twin\venv\Lib\site-packages\paho\mqtt\client.py", line 4640, in _create_socket_connection
    return socket.create_connection(addr, timeout=self._connect_timeout, source_address=source)
           ~~~~~~~~~~~~~~~~~~~~~~~~^^^^^^^^^^^^^^^^^^^^^^^^^^^^^^^^^^^^^^^^^^^^^^^^^^^^^^^^^^^^
  File "C:\Python313\Lib\socket.py", line 864, in create_connection
    raise exceptions[0]
  File "C:\Python313\Lib\socket.py", line 849, in create_connection
    sock.connect(sa)
    ~~~~~~~~~~~~^^^^
ConnectionRefusedError: [WinError 10061] Hedef makine etkin olarak reddettiðinden baðlantý kurulamadý
C:\Users\saban.kus\projects\digital-twin\sensor_sim.py:11: DeprecationWarning: Callback API version 1 is deprecated, update to latest version
  client = mqtt.Client()
^CC:\Users\saban.kus\projects\digital-twin\sensor_sim.py:11: DeprecationWarning: Callback API version 1 is deprecated, update to latest version
  client = mqtt.Client()
Traceback (most recent call last):
  File "C:\Users\saban.kus\projects\digital-twin\sensor_sim.py", line 12, in <module>
    client.connect(BROKER, PORT)
    ~~~~~~~~~~~~~~^^^^^^^^^^^^^^
  File "C:\Users\saban.kus\projects\digital-twin\venv\Lib\site-packages\paho\mqtt\client.py", line 1435, in connect
    return self.reconnect()
           ~~~~~~~~~~~~~~^^
  File "C:\Users\saban.kus\projects\digital-twin\venv\Lib\site-packages\paho\mqtt\client.py", line 1598, in reconnect
    self._sock = self._create_socket()
                 ~~~~~~~~~~~~~~~~~~~^^
  File "C:\Users\saban.kus\projects\digital-twin\venv\Lib\site-packages\paho\mqtt\client.py", line 4609, in _create_socket
    sock = self._create_socket_connection()
  File "C:\Users\saban.kus\projects\digital-twin\venv\Lib\site-packages\paho\mqtt\client.py", line 4640, in _create_socket_connection
    return socket.create_connection(addr, timeout=self._connect_timeout, source_address=source)
           ~~~~~~~~~~~~~~~~~~~~~~~~^^^^^^^^^^^^^^^^^^^^^^^^^^^^^^^^^^^^^^^^^^^^^^^^^^^^^^^^^^^^
  File "C:\Python313\Lib\socket.py", line 864, in create_connection
    raise exceptions[0]
  File "C:\Python313\Lib\socket.py", line 849, in create_connection
    sock.connect(sa)
    ~~~~~~~~~~~~^^^^
ConnectionRefusedError: [WinError 10061] Hedef makine etkin olarak reddettiðinden baðlantý kurulamadý
